\BOOKMARK [0][-]{chapter.1}{\376\377\0001\000\040\000E\000m\000b\000e\000d\000d\000e\000d\0001\000\040\000u\000n\000d\000\040\000E\000m\000b\000e\000d\000d\000e\000d\0002\000\040\000A\000u\000f\000g\000a\000b\000e\000n\000d\000o\000k\000u\000m\000e\000n\000t\000a\000t\000i\000o\000n}{}% 1
\BOOKMARK [1][-]{section.1.1}{\376\377\0001\000.\0001\000\040\000P\000r\000o\000g\000r\000a\000m\000m\000d\000o\000k\000u\000m\000e\000n\000t\000a\000t\000i\000o\000n}{chapter.1}% 2
\BOOKMARK [2][-]{subsection.1.1.1}{\376\377\0001\000.\0001\000.\0001\000\040\000A\000u\000f\000g\000a\000b\000e\000\040\0001}{section.1.1}% 3
\BOOKMARK [2][-]{subsection.1.1.2}{\376\377\0001\000.\0001\000.\0002\000\040\000A\000u\000f\000g\000a\000b\000e\000\040\0002\000\040\000u\000n\000d\000\040\0003}{section.1.1}% 4
\BOOKMARK [2][-]{subsection.1.1.3}{\376\377\0001\000.\0001\000.\0003\000\040\000R\000e\000s\000t\000l\000i\000c\000h\000e\000\040\000A\000u\000f\000g\000a\000b\000e\000n}{section.1.1}% 5
\BOOKMARK [0][-]{chapter.2}{\376\377\0002\000\040\000D\000a\000t\000e\000n\000s\000t\000r\000u\000k\000t\000u\000r\000-\000V\000e\000r\000z\000e\000i\000c\000h\000n\000i\000s}{}% 6
\BOOKMARK [1][-]{section.2.1}{\376\377\0002\000.\0001\000\040\000D\000a\000t\000e\000n\000s\000t\000r\000u\000k\000t\000u\000r\000e\000n}{chapter.2}% 7
\BOOKMARK [0][-]{chapter.3}{\376\377\0003\000\040\000D\000a\000t\000e\000i\000-\000V\000e\000r\000z\000e\000i\000c\000h\000n\000i\000s}{}% 8
\BOOKMARK [1][-]{section.3.1}{\376\377\0003\000.\0001\000\040\000A\000u\000f\000l\000i\000s\000t\000u\000n\000g\000\040\000d\000e\000r\000\040\000D\000a\000t\000e\000i\000e\000n}{chapter.3}% 9
\BOOKMARK [0][-]{chapter.4}{\376\377\0004\000\040\000D\000a\000t\000e\000n\000s\000t\000r\000u\000k\000t\000u\000r\000-\000D\000o\000k\000u\000m\000e\000n\000t\000a\000t\000i\000o\000n}{}% 10
\BOOKMARK [1][-]{section.4.1}{\376\377\0004\000.\0001\000\040\000B\000u\000f\000f\000e\000r\000\040\000S\000t\000r\000u\000k\000t\000u\000r\000r\000e\000f\000e\000r\000e\000n\000z}{chapter.4}% 11
\BOOKMARK [2][-]{subsection.4.1.1}{\376\377\0004\000.\0001\000.\0001\000\040\000A\000u\000s\000f\000\374\000h\000r\000l\000i\000c\000h\000e\000\040\000B\000e\000s\000c\000h\000r\000e\000i\000b\000u\000n\000g}{section.4.1}% 12
\BOOKMARK [2][-]{subsection.4.1.2}{\376\377\0004\000.\0001\000.\0002\000\040\000D\000o\000k\000u\000m\000e\000n\000t\000a\000t\000i\000o\000n\000\040\000d\000e\000r\000\040\000F\000e\000l\000d\000e\000r}{section.4.1}% 13
\BOOKMARK [3][-]{subsubsection.4.1.2.1}{\376\377\0004\000.\0001\000.\0002\000.\0001\000\040\000d\000a\000t\000a}{subsection.4.1.2}% 14
\BOOKMARK [3][-]{subsubsection.4.1.2.2}{\376\377\0004\000.\0001\000.\0002\000.\0002\000\040\000r\000e\000a\000d}{subsection.4.1.2}% 15
\BOOKMARK [3][-]{subsubsection.4.1.2.3}{\376\377\0004\000.\0001\000.\0002\000.\0003\000\040\000w\000r\000i\000t\000e}{subsection.4.1.2}% 16
\BOOKMARK [0][-]{chapter.5}{\376\377\0005\000\040\000D\000a\000t\000e\000i\000-\000D\000o\000k\000u\000m\000e\000n\000t\000a\000t\000i\000o\000n}{}% 17
\BOOKMARK [1][-]{section.5.1}{\376\377\0005\000.\0001\000\040\000c\000o\000n\000f\000i\000g\000u\000r\000a\000t\000i\000o\000n\000\137\000b\000i\000t\000s\000.\000o\000.\000d}{chapter.5}% 18
\BOOKMARK [1][-]{section.5.2}{\376\377\0005\000.\0002\000\040\000i\000n\000t\000e\000r\000r\000u\000p\000t\000s\000.\000o\000.\000d}{chapter.5}% 19
\BOOKMARK [1][-]{section.5.3}{\376\377\0005\000.\0003\000\040\000m\000a\000i\000n\000.\000o\000.\000d}{chapter.5}% 20
\BOOKMARK [1][-]{section.5.4}{\376\377\0005\000.\0004\000\040\000s\000y\000s\000t\000e\000m\000.\000o\000.\000d}{chapter.5}% 21
\BOOKMARK [1][-]{section.5.5}{\376\377\0005\000.\0005\000\040\000t\000r\000a\000p\000s\000.\000o\000.\000d}{chapter.5}% 22
\BOOKMARK [1][-]{section.5.6}{\376\377\0005\000.\0006\000\040\000u\000s\000e\000r\000.\000o\000.\000d}{chapter.5}% 23
\BOOKMARK [1][-]{section.5.7}{\376\377\0005\000.\0007\000\040\000c\000o\000n\000f\000i\000g\000u\000r\000a\000t\000i\000o\000n\000\137\000b\000i\000t\000s\000.\000c}{chapter.5}% 24
\BOOKMARK [1][-]{section.5.8}{\376\377\0005\000.\0008\000\040\000i\000n\000t\000e\000r\000r\000u\000p\000t\000s\000.\000c}{chapter.5}% 25
\BOOKMARK [1][-]{section.5.9}{\376\377\0005\000.\0009\000\040\000m\000a\000i\000n\000.\000c}{chapter.5}% 26
\BOOKMARK [1][-]{section.5.10}{\376\377\0005\000.\0001\0000\000\040\000m\000a\000i\000n\000\137\000l\000e\000s\000s\000.\000c}{chapter.5}% 27
\BOOKMARK [1][-]{section.5.11}{\376\377\0005\000.\0001\0001\000\040\000s\000y\000s\000t\000e\000m\000.\000c}{chapter.5}% 28
\BOOKMARK [1][-]{section.5.12}{\376\377\0005\000.\0001\0002\000\040\000s\000y\000s\000t\000e\000m\000.\000h}{chapter.5}% 29
\BOOKMARK [1][-]{section.5.13}{\376\377\0005\000.\0001\0003\000\040\000t\000r\000a\000p\000s\000.\000c}{chapter.5}% 30
\BOOKMARK [1][-]{section.5.14}{\376\377\0005\000.\0001\0004\000\040\000u\000s\000e\000r\000.\000c}{chapter.5}% 31
\BOOKMARK [1][-]{section.5.15}{\376\377\0005\000.\0001\0005\000\040\000u\000s\000e\000r\000.\000h}{chapter.5}% 32
\BOOKMARK [0][-]{section*.3}{\376\377\000I\000n\000d\000e\000x}{}% 33
